[12-Mar-2019 09:49:22 UTC] PHP Warning:  Une erreur imprévue est survenue. Il pourrait y avoir un problème avec WordPress.org ou la configuration de ce serveur. Si vous continuez à rencontrer ce problème, veuillez vous rendre sur les <a href="https://wpfr.net/support/">forums de support</a>. (WordPress n’a pas pu établir de connexion sécurisée vers WordPress.org. Veuillez contacter l’administrateur de votre serveur.) in /var/www/html/LMSD2-NG/wp/wp-includes/update.php on line 160
[12-Mar-2019 09:49:30 UTC] PHP Warning:  Une erreur imprévue est survenue. Il pourrait y avoir un problème avec WordPress.org ou la configuration de ce serveur. Si vous continuez à rencontrer ce problème, veuillez vous rendre sur les <a href="https://wpfr.net/support/">forums de support</a>. (WordPress n’a pas pu établir de connexion sécurisée vers WordPress.org. Veuillez contacter l’administrateur de votre serveur.) in /var/www/html/LMSD2-NG/wp/wp-includes/update.php on line 384
[12-Mar-2019 09:49:37 UTC] PHP Warning:  Une erreur imprévue est survenue. Il pourrait y avoir un problème avec WordPress.org ou la configuration de ce serveur. Si vous continuez à rencontrer ce problème, veuillez vous rendre sur les <a href="https://wpfr.net/support/">forums de support</a>. (WordPress n’a pas pu établir de connexion sécurisée vers WordPress.org. Veuillez contacter l’administrateur de votre serveur.) in /var/www/html/LMSD2-NG/wp/wp-includes/update.php on line 569
[12-Mar-2019 09:49:41 UTC] PHP Warning:  Cannot modify header information - headers already sent by (output started at /var/www/html/LMSD2-NG/wp/wp-includes/update.php:160) in /var/www/html/LMSD2-NG/wp/wp-admin/includes/misc.php on line 1198
[12-Mar-2019 09:49:41 UTC] PHP Warning:  Cannot modify header information - headers already sent by (output started at /var/www/html/LMSD2-NG/wp/wp-includes/update.php:160) in /var/www/html/LMSD2-NG/wp/wp-includes/option.php on line 947
[12-Mar-2019 09:49:41 UTC] PHP Warning:  Cannot modify header information - headers already sent by (output started at /var/www/html/LMSD2-NG/wp/wp-includes/update.php:160) in /var/www/html/LMSD2-NG/wp/wp-includes/option.php on line 948
[12-Mar-2019 10:23:46 UTC] PHP Warning:  Une erreur imprévue est survenue. Il pourrait y avoir un problème avec WordPress.org ou la configuration de ce serveur. Si vous continuez à rencontrer ce problème, veuillez vous rendre sur les <a href="https://wpfr.net/support/">forums de support</a>. (WordPress n’a pas pu établir de connexion sécurisée vers WordPress.org. Veuillez contacter l’administrateur de votre serveur.) in /var/www/html/LMSD2-NG/wp/wp-includes/update.php on line 569
[12-Mar-2019 10:23:50 UTC] PHP Warning:  Cannot modify header information - headers already sent by (output started at /var/www/html/LMSD2-NG/wp/wp-includes/update.php:569) in /var/www/html/LMSD2-NG/wp/wp-includes/option.php on line 947
[12-Mar-2019 10:23:50 UTC] PHP Warning:  Cannot modify header information - headers already sent by (output started at /var/www/html/LMSD2-NG/wp/wp-includes/update.php:569) in /var/www/html/LMSD2-NG/wp/wp-includes/option.php on line 948
[12-Mar-2019 10:24:03 UTC] PHP Warning:  Une erreur imprévue est survenue. Il pourrait y avoir un problème avec WordPress.org ou la configuration de ce serveur. Si vous continuez à rencontrer ce problème, veuillez vous rendre sur les <a href="https://wpfr.net/support/">forums de support</a>. (WordPress n’a pas pu établir de connexion sécurisée vers WordPress.org. Veuillez contacter l’administrateur de votre serveur.) in /var/www/html/LMSD2-NG/wp/wp-includes/update.php on line 569
[12-Mar-2019 10:24:07 UTC] PHP Warning:  Cannot modify header information - headers already sent by (output started at /var/www/html/LMSD2-NG/wp/wp-includes/update.php:569) in /var/www/html/LMSD2-NG/wp/wp-includes/option.php on line 947
[12-Mar-2019 10:24:07 UTC] PHP Warning:  Cannot modify header information - headers already sent by (output started at /var/www/html/LMSD2-NG/wp/wp-includes/update.php:569) in /var/www/html/LMSD2-NG/wp/wp-includes/option.php on line 948
[12-Mar-2019 10:26:10 UTC] PHP Warning:  Une erreur imprévue est survenue. Il pourrait y avoir un problème avec WordPress.org ou la configuration de ce serveur. Si vous continuez à rencontrer ce problème, veuillez vous rendre sur les <a href="https://wpfr.net/support/">forums de support</a>. (WordPress n’a pas pu établir de connexion sécurisée vers WordPress.org. Veuillez contacter l’administrateur de votre serveur.) in /var/www/html/LMSD2-NG/wp/wp-includes/update.php on line 569
[12-Mar-2019 10:26:14 UTC] PHP Warning:  Cannot modify header information - headers already sent by (output started at /var/www/html/LMSD2-NG/wp/wp-includes/update.php:569) in /var/www/html/LMSD2-NG/wp/wp-includes/option.php on line 947
[12-Mar-2019 10:26:14 UTC] PHP Warning:  Cannot modify header information - headers already sent by (output started at /var/www/html/LMSD2-NG/wp/wp-includes/update.php:569) in /var/www/html/LMSD2-NG/wp/wp-includes/option.php on line 948
[12-Mar-2019 10:26:39 UTC] PHP Warning:  Une erreur imprévue est survenue. Il pourrait y avoir un problème avec WordPress.org ou la configuration de ce serveur. Si vous continuez à rencontrer ce problème, veuillez vous rendre sur les <a href="https://wpfr.net/support/">forums de support</a>. (WordPress n’a pas pu établir de connexion sécurisée vers WordPress.org. Veuillez contacter l’administrateur de votre serveur.) in /var/www/html/LMSD2-NG/wp/wp-includes/update.php on line 569
[12-Mar-2019 10:26:43 UTC] PHP Warning:  Cannot modify header information - headers already sent by (output started at /var/www/html/LMSD2-NG/wp/wp-includes/update.php:569) in /var/www/html/LMSD2-NG/wp/wp-includes/option.php on line 947
[12-Mar-2019 10:26:43 UTC] PHP Warning:  Cannot modify header information - headers already sent by (output started at /var/www/html/LMSD2-NG/wp/wp-includes/update.php:569) in /var/www/html/LMSD2-NG/wp/wp-includes/option.php on line 948
[12-Mar-2019 10:26:51 UTC] PHP Warning:  Une erreur imprévue est survenue. Il pourrait y avoir un problème avec WordPress.org ou la configuration de ce serveur. Si vous continuez à rencontrer ce problème, veuillez vous rendre sur les <a href="https://wpfr.net/support/">forums de support</a>. (WordPress n’a pas pu établir de connexion sécurisée vers WordPress.org. Veuillez contacter l’administrateur de votre serveur.) in /var/www/html/LMSD2-NG/wp/wp-includes/update.php on line 569
[12-Mar-2019 10:26:55 UTC] PHP Warning:  Cannot modify header information - headers already sent by (output started at /var/www/html/LMSD2-NG/wp/wp-includes/update.php:569) in /var/www/html/LMSD2-NG/wp/wp-includes/pluggable.php on line 1251
[12-Mar-2019 10:26:55 UTC] PHP Warning:  Cannot modify header information - headers already sent by (output started at /var/www/html/LMSD2-NG/wp/wp-includes/update.php:569) in /var/www/html/LMSD2-NG/wp/wp-includes/pluggable.php on line 1254
[12-Mar-2019 10:27:36 UTC] PHP Warning:  Une erreur imprévue est survenue. Il pourrait y avoir un problème avec WordPress.org ou la configuration de ce serveur. Si vous continuez à rencontrer ce problème, veuillez vous rendre sur les <a href="https://wpfr.net/support/">forums de support</a>. (WordPress n’a pas pu établir de connexion sécurisée vers WordPress.org. Veuillez contacter l’administrateur de votre serveur.) in /var/www/html/LMSD2-NG/wp/wp-includes/update.php on line 569
[12-Mar-2019 10:27:40 UTC] PHP Warning:  Cannot modify header information - headers already sent by (output started at /var/www/html/LMSD2-NG/wp/wp-includes/update.php:569) in /var/www/html/LMSD2-NG/wp/wp-includes/pluggable.php on line 1251
[12-Mar-2019 10:27:40 UTC] PHP Warning:  Cannot modify header information - headers already sent by (output started at /var/www/html/LMSD2-NG/wp/wp-includes/update.php:569) in /var/www/html/LMSD2-NG/wp/wp-includes/pluggable.php on line 1254
[12-Mar-2019 10:29:18 UTC] PHP Warning:  Une erreur imprévue est survenue. Il pourrait y avoir un problème avec WordPress.org ou la configuration de ce serveur. Si vous continuez à rencontrer ce problème, veuillez vous rendre sur les <a href="https://wpfr.net/support/">forums de support</a>. (WordPress n’a pas pu établir de connexion sécurisée vers WordPress.org. Veuillez contacter l’administrateur de votre serveur.) in /var/www/html/LMSD2-NG/wp/wp-includes/update.php on line 569
[12-Mar-2019 10:29:21 UTC] PHP Warning:  Cannot modify header information - headers already sent by (output started at /var/www/html/LMSD2-NG/wp/wp-includes/update.php:569) in /var/www/html/LMSD2-NG/wp/wp-includes/pluggable.php on line 1251
[12-Mar-2019 10:29:21 UTC] PHP Warning:  Cannot modify header information - headers already sent by (output started at /var/www/html/LMSD2-NG/wp/wp-includes/update.php:569) in /var/www/html/LMSD2-NG/wp/wp-includes/pluggable.php on line 1254
[13-Mar-2019 11:27:45 UTC] PHP Warning:  Unterminated comment starting line 31 in /var/www/html/LMSD2-NG/content/plugins/lmsdd-settings/lmsdd-settings.php on line 31
[13-Mar-2019 11:29:06 UTC] PHP Warning:  Unterminated comment starting line 31 in /var/www/html/LMSD2-NG/content/plugins/lmsdd-settings/lmsdd-settings.php on line 31
[13-Mar-2019 11:29:06 UTC] PHP Warning:  Cannot modify header information - headers already sent by (output started at /var/www/html/LMSD2-NG/content/plugins/lmsdd-settings/lmsdd-settings.php:31) in /var/www/html/LMSD2-NG/wp/wp-admin/includes/misc.php on line 1198
[13-Mar-2019 11:40:41 UTC] PHP Warning:  Unterminated comment starting line 32 in /var/www/html/LMSD2-NG/content/plugins/lmsdd-settings/lmsdd-settings.php on line 32
[13-Mar-2019 12:41:33 UTC] PHP Notice:  Undefined variable: user in /var/www/html/LMSD2-NG/content/plugins/lmsdd-settings/inc/connect.php on line 11
[13-Mar-2019 12:41:34 UTC] PHP Notice:  Undefined variable: user in /var/www/html/LMSD2-NG/content/plugins/lmsdd-settings/inc/connect.php on line 11
[13-Mar-2019 12:41:34 UTC] PHP Warning:  Cannot modify header information - headers already sent by (output started at /var/www/html/LMSD2-NG/content/plugins/lmsdd-settings/inc/connect.php:11) in /var/www/html/LMSD2-NG/content/plugins/simply-show-hooks/index.php on line 84
[13-Mar-2019 12:41:34 UTC] PHP Warning:  Cannot modify header information - headers already sent by (output started at /var/www/html/LMSD2-NG/content/plugins/lmsdd-settings/inc/connect.php:14) in /var/www/html/LMSD2-NG/wp/wp-admin/includes/misc.php on line 1198
[13-Mar-2019 12:42:07 UTC] PHP Notice:  Undefined variable: user in /var/www/html/LMSD2-NG/content/plugins/lmsdd-settings/inc/connect.php on line 11
[13-Mar-2019 12:43:32 UTC] PHP Notice:  Undefined variable: user in /var/www/html/LMSD2-NG/content/plugins/lmsdd-settings/inc/connect.php on line 11
[13-Mar-2019 12:43:32 UTC] PHP Warning:  Cannot modify header information - headers already sent by (output started at /var/www/html/LMSD2-NG/content/plugins/lmsdd-settings/inc/connect.php:14) in /var/www/html/LMSD2-NG/wp/wp-admin/includes/misc.php on line 1198
[13-Mar-2019 12:43:42 UTC] PHP Notice:  Undefined variable: user in /var/www/html/LMSD2-NG/content/plugins/lmsdd-settings/inc/connect.php on line 11
[13-Mar-2019 12:44:03 UTC] PHP Notice:  Undefined variable: user in /var/www/html/LMSD2-NG/content/plugins/lmsdd-settings/inc/connect.php on line 11
[13-Mar-2019 12:44:03 UTC] PHP Warning:  Cannot modify header information - headers already sent by (output started at /var/www/html/LMSD2-NG/content/plugins/lmsdd-settings/inc/connect.php:14) in /var/www/html/LMSD2-NG/wp/wp-admin/includes/misc.php on line 1198
[13-Mar-2019 12:44:04 UTC] PHP Notice:  Undefined variable: user in /var/www/html/LMSD2-NG/content/plugins/lmsdd-settings/inc/connect.php on line 11
[13-Mar-2019 12:44:04 UTC] PHP Warning:  Cannot modify header information - headers already sent by (output started at /var/www/html/LMSD2-NG/content/plugins/lmsdd-settings/inc/connect.php:11) in /var/www/html/LMSD2-NG/wp/wp-admin/includes/misc.php on line 1198
[13-Mar-2019 12:44:04 UTC] PHP Warning:  Cannot modify header information - headers already sent by (output started at /var/www/html/LMSD2-NG/content/plugins/lmsdd-settings/inc/connect.php:11) in /var/www/html/LMSD2-NG/wp/wp-includes/option.php on line 947
[13-Mar-2019 12:44:04 UTC] PHP Warning:  Cannot modify header information - headers already sent by (output started at /var/www/html/LMSD2-NG/content/plugins/lmsdd-settings/inc/connect.php:11) in /var/www/html/LMSD2-NG/wp/wp-includes/option.php on line 948
[13-Mar-2019 12:44:06 UTC] PHP Notice:  Undefined variable: user in /var/www/html/LMSD2-NG/content/plugins/lmsdd-settings/inc/connect.php on line 11
[13-Mar-2019 12:44:06 UTC] PHP Warning:  Cannot modify header information - headers already sent by (output started at /var/www/html/LMSD2-NG/content/plugins/lmsdd-settings/inc/connect.php:11) in /var/www/html/LMSD2-NG/wp/wp-admin/includes/misc.php on line 1198
[13-Mar-2019 12:44:06 UTC] PHP Warning:  Cannot modify header information - headers already sent by (output started at /var/www/html/LMSD2-NG/content/plugins/lmsdd-settings/inc/connect.php:11) in /var/www/html/LMSD2-NG/wp/wp-includes/option.php on line 947
[13-Mar-2019 12:44:06 UTC] PHP Warning:  Cannot modify header information - headers already sent by (output started at /var/www/html/LMSD2-NG/content/plugins/lmsdd-settings/inc/connect.php:11) in /var/www/html/LMSD2-NG/wp/wp-includes/option.php on line 948
[13-Mar-2019 12:44:15 UTC] PHP Notice:  Undefined variable: user in /var/www/html/LMSD2-NG/content/plugins/lmsdd-settings/inc/connect.php on line 11
[13-Mar-2019 12:44:15 UTC] PHP Warning:  Cannot modify header information - headers already sent by (output started at /var/www/html/LMSD2-NG/content/plugins/lmsdd-settings/inc/connect.php:11) in /var/www/html/LMSD2-NG/wp/wp-admin/includes/misc.php on line 1198
[13-Mar-2019 12:44:15 UTC] PHP Warning:  Cannot modify header information - headers already sent by (output started at /var/www/html/LMSD2-NG/content/plugins/lmsdd-settings/inc/connect.php:11) in /var/www/html/LMSD2-NG/wp/wp-includes/option.php on line 947
[13-Mar-2019 12:44:15 UTC] PHP Warning:  Cannot modify header information - headers already sent by (output started at /var/www/html/LMSD2-NG/content/plugins/lmsdd-settings/inc/connect.php:11) in /var/www/html/LMSD2-NG/wp/wp-includes/option.php on line 948
[13-Mar-2019 12:44:15 UTC] PHP Notice:  Undefined variable: user in /var/www/html/LMSD2-NG/content/plugins/lmsdd-settings/inc/connect.php on line 11
[13-Mar-2019 12:44:15 UTC] PHP Warning:  Cannot modify header information - headers already sent by (output started at /var/www/html/LMSD2-NG/content/plugins/lmsdd-settings/inc/connect.php:11) in /var/www/html/LMSD2-NG/wp/wp-admin/includes/misc.php on line 1198
[13-Mar-2019 12:44:15 UTC] PHP Warning:  Cannot modify header information - headers already sent by (output started at /var/www/html/LMSD2-NG/content/plugins/lmsdd-settings/inc/connect.php:11) in /var/www/html/LMSD2-NG/wp/wp-includes/option.php on line 947
[13-Mar-2019 12:44:15 UTC] PHP Warning:  Cannot modify header information - headers already sent by (output started at /var/www/html/LMSD2-NG/content/plugins/lmsdd-settings/inc/connect.php:11) in /var/www/html/LMSD2-NG/wp/wp-includes/option.php on line 948
[13-Mar-2019 12:44:17 UTC] PHP Notice:  Undefined variable: user in /var/www/html/LMSD2-NG/content/plugins/lmsdd-settings/inc/connect.php on line 11
[13-Mar-2019 12:44:17 UTC] PHP Warning:  Cannot modify header information - headers already sent by (output started at /var/www/html/LMSD2-NG/content/plugins/lmsdd-settings/inc/connect.php:11) in /var/www/html/LMSD2-NG/wp/wp-admin/includes/misc.php on line 1198
[13-Mar-2019 12:44:17 UTC] PHP Warning:  Cannot modify header information - headers already sent by (output started at /var/www/html/LMSD2-NG/content/plugins/lmsdd-settings/inc/connect.php:11) in /var/www/html/LMSD2-NG/wp/wp-includes/option.php on line 947
[13-Mar-2019 12:44:17 UTC] PHP Warning:  Cannot modify header information - headers already sent by (output started at /var/www/html/LMSD2-NG/content/plugins/lmsdd-settings/inc/connect.php:11) in /var/www/html/LMSD2-NG/wp/wp-includes/option.php on line 948
[13-Mar-2019 12:44:19 UTC] PHP Notice:  Undefined variable: user in /var/www/html/LMSD2-NG/content/plugins/lmsdd-settings/inc/connect.php on line 11
[13-Mar-2019 12:44:19 UTC] PHP Warning:  Cannot modify header information - headers already sent by (output started at /var/www/html/LMSD2-NG/content/plugins/lmsdd-settings/inc/connect.php:11) in /var/www/html/LMSD2-NG/wp/wp-admin/includes/misc.php on line 1198
[13-Mar-2019 12:44:19 UTC] PHP Warning:  Cannot modify header information - headers already sent by (output started at /var/www/html/LMSD2-NG/content/plugins/lmsdd-settings/inc/connect.php:11) in /var/www/html/LMSD2-NG/wp/wp-includes/option.php on line 947
[13-Mar-2019 12:44:19 UTC] PHP Warning:  Cannot modify header information - headers already sent by (output started at /var/www/html/LMSD2-NG/content/plugins/lmsdd-settings/inc/connect.php:11) in /var/www/html/LMSD2-NG/wp/wp-includes/option.php on line 948
[13-Mar-2019 12:45:01 UTC] PHP Notice:  Undefined variable: user in /var/www/html/LMSD2-NG/content/plugins/lmsdd-settings/inc/connect.php on line 11
[13-Mar-2019 12:45:01 UTC] PHP Warning:  Cannot modify header information - headers already sent by (output started at /var/www/html/LMSD2-NG/content/plugins/lmsdd-settings/inc/connect.php:11) in /var/www/html/LMSD2-NG/wp/wp-admin/includes/misc.php on line 1198
[13-Mar-2019 12:45:01 UTC] PHP Warning:  Cannot modify header information - headers already sent by (output started at /var/www/html/LMSD2-NG/content/plugins/lmsdd-settings/inc/connect.php:11) in /var/www/html/LMSD2-NG/wp/wp-includes/option.php on line 947
[13-Mar-2019 12:45:01 UTC] PHP Warning:  Cannot modify header information - headers already sent by (output started at /var/www/html/LMSD2-NG/content/plugins/lmsdd-settings/inc/connect.php:11) in /var/www/html/LMSD2-NG/wp/wp-includes/option.php on line 948
[13-Mar-2019 12:45:32 UTC] PHP Notice:  Undefined variable: user in /var/www/html/LMSD2-NG/content/plugins/lmsdd-settings/inc/connect.php on line 11
[13-Mar-2019 12:45:32 UTC] PHP Warning:  Cannot modify header information - headers already sent by (output started at /var/www/html/LMSD2-NG/content/plugins/lmsdd-settings/inc/connect.php:11) in /var/www/html/LMSD2-NG/wp/wp-admin/includes/misc.php on line 1198
[13-Mar-2019 12:45:33 UTC] PHP Warning:  Cannot modify header information - headers already sent by (output started at /var/www/html/LMSD2-NG/content/plugins/lmsdd-settings/inc/connect.php:11) in /var/www/html/LMSD2-NG/wp/wp-includes/pluggable.php on line 1251
[13-Mar-2019 12:45:33 UTC] PHP Warning:  Cannot modify header information - headers already sent by (output started at /var/www/html/LMSD2-NG/content/plugins/lmsdd-settings/inc/connect.php:11) in /var/www/html/LMSD2-NG/wp/wp-includes/pluggable.php on line 1254
[13-Mar-2019 12:45:55 UTC] PHP Notice:  Undefined variable: user in /var/www/html/LMSD2-NG/content/plugins/lmsdd-settings/inc/connect.php on line 11
[13-Mar-2019 12:52:40 UTC] PHP Notice:  Undefined variable: user in /var/www/html/LMSD2-NG/content/plugins/lmsdd-settings/inc/connect.php on line 14
[13-Mar-2019 12:53:36 UTC] PHP Notice:  Undefined variable: user in /var/www/html/LMSD2-NG/content/plugins/lmsdd-settings/inc/connect.php on line 12
[13-Mar-2019 13:08:23 UTC] PHP Parse error:  syntax error, unexpected '<', expecting end of file in /var/www/html/LMSD2-NG/content/themes/lmsdd/functions.php on line 11
[13-Mar-2019 13:10:37 UTC] PHP Warning:  Unterminated comment starting line 5 in /var/www/html/LMSD2-NG/content/plugins/lmsdd-settings/inc/connect.php on line 5
[13-Mar-2019 13:25:17 UTC] PHP Warning:  Cannot modify header information - headers already sent by (output started at /var/www/html/LMSD2-NG/content/plugins/lmsdd-settings/inc/connect.php:12) in /var/www/html/LMSD2-NG/content/plugins/simply-show-hooks/index.php on line 84
[13-Mar-2019 13:26:37 UTC] PHP Fatal error:  Uncaught Error: Call to undefined function get_user_by() in /var/www/html/LMSD2-NG/content/plugins/lmsdd-settings/inc/connect.php:12
Stack trace:
#0 /var/www/html/LMSD2-NG/content/plugins/lmsdd-settings/lmsdd-settings.php(13): require()
#1 /var/www/html/LMSD2-NG/wp/wp-settings.php(342): include_once('/var/www/html/L...')
#2 /var/www/html/LMSD2-NG/wp-config.php(143): require_once('/var/www/html/L...')
#3 /var/www/html/LMSD2-NG/wp/wp-load.php(42): require_once('/var/www/html/L...')
#4 /var/www/html/LMSD2-NG/wp/wp-blog-header.php(13): require_once('/var/www/html/L...')
#5 /var/www/html/LMSD2-NG/index.php(17): require('/var/www/html/L...')
#6 {main}
  thrown in /var/www/html/LMSD2-NG/content/plugins/lmsdd-settings/inc/connect.php on line 12
[13-Mar-2019 13:40:33 UTC] PHP Warning:  Cannot modify header information - headers already sent by (output started at /var/www/html/LMSD2-NG/content/themes/lmsdd/template-register-connection.php:6) in /var/www/html/LMSD2-NG/wp/wp-includes/pluggable.php on line 1251
[13-Mar-2019 13:40:33 UTC] PHP Warning:  Cannot modify header information - headers already sent by (output started at /var/www/html/LMSD2-NG/content/themes/lmsdd/template-register-connection.php:6) in /var/www/html/LMSD2-NG/wp/wp-includes/pluggable.php on line 1254
[13-Mar-2019 13:40:58 UTC] PHP Warning:  Cannot modify header information - headers already sent by (output started at /var/www/html/LMSD2-NG/content/themes/lmsdd/template-register-connection.php:6) in /var/www/html/LMSD2-NG/wp/wp-includes/pluggable.php on line 1251
[13-Mar-2019 13:40:58 UTC] PHP Warning:  Cannot modify header information - headers already sent by (output started at /var/www/html/LMSD2-NG/content/themes/lmsdd/template-register-connection.php:6) in /var/www/html/LMSD2-NG/wp/wp-includes/pluggable.php on line 1254
[13-Mar-2019 13:41:12 UTC] PHP Warning:  Cannot modify header information - headers already sent by (output started at /var/www/html/LMSD2-NG/content/themes/lmsdd/template-register-connection.php:6) in /var/www/html/LMSD2-NG/wp/wp-includes/pluggable.php on line 1251
[13-Mar-2019 13:41:12 UTC] PHP Warning:  Cannot modify header information - headers already sent by (output started at /var/www/html/LMSD2-NG/content/themes/lmsdd/template-register-connection.php:6) in /var/www/html/LMSD2-NG/wp/wp-includes/pluggable.php on line 1254
[13-Mar-2019 13:41:54 UTC] PHP Warning:  Cannot modify header information - headers already sent by (output started at /var/www/html/LMSD2-NG/content/themes/lmsdd/template-register-connection.php:6) in /var/www/html/LMSD2-NG/wp/wp-includes/pluggable.php on line 1251
[13-Mar-2019 13:41:54 UTC] PHP Warning:  Cannot modify header information - headers already sent by (output started at /var/www/html/LMSD2-NG/content/themes/lmsdd/template-register-connection.php:6) in /var/www/html/LMSD2-NG/wp/wp-includes/pluggable.php on line 1254
[13-Mar-2019 13:44:04 UTC] PHP Warning:  Cannot modify header information - headers already sent by (output started at /var/www/html/LMSD2-NG/content/themes/lmsdd/template-register-connection.php:6) in /var/www/html/LMSD2-NG/wp/wp-includes/pluggable.php on line 1251
[13-Mar-2019 13:44:04 UTC] PHP Warning:  Cannot modify header information - headers already sent by (output started at /var/www/html/LMSD2-NG/content/themes/lmsdd/template-register-connection.php:6) in /var/www/html/LMSD2-NG/wp/wp-includes/pluggable.php on line 1254
[13-Mar-2019 13:47:28 UTC] PHP Warning:  Cannot modify header information - headers already sent by (output started at /var/www/html/LMSD2-NG/content/plugins/lmsdd-settings/inc/connect.php:27) in /var/www/html/LMSD2-NG/wp/wp-admin/includes/misc.php on line 1198
[13-Mar-2019 13:48:15 UTC] PHP Warning:  Cannot modify header information - headers already sent by (output started at /var/www/html/LMSD2-NG/content/plugins/lmsdd-settings/inc/connect.php:27) in /var/www/html/LMSD2-NG/wp/wp-includes/pluggable.php on line 1251
[13-Mar-2019 13:48:15 UTC] PHP Warning:  Cannot modify header information - headers already sent by (output started at /var/www/html/LMSD2-NG/content/plugins/lmsdd-settings/inc/connect.php:27) in /var/www/html/LMSD2-NG/wp/wp-includes/pluggable.php on line 1254
[13-Mar-2019 13:48:55 UTC] PHP Warning:  Cannot modify header information - headers already sent by (output started at /var/www/html/LMSD2-NG/content/plugins/lmsdd-settings/inc/connect.php:27) in /var/www/html/LMSD2-NG/wp/wp-admin/includes/misc.php on line 1198
[13-Mar-2019 13:49:56 UTC] PHP Warning:  Cannot modify header information - headers already sent by (output started at /var/www/html/LMSD2-NG/content/plugins/lmsdd-settings/inc/connect.php:27) in /var/www/html/LMSD2-NG/wp/wp-includes/pluggable.php on line 1251
[13-Mar-2019 13:49:56 UTC] PHP Warning:  Cannot modify header information - headers already sent by (output started at /var/www/html/LMSD2-NG/content/plugins/lmsdd-settings/inc/connect.php:27) in /var/www/html/LMSD2-NG/wp/wp-includes/pluggable.php on line 1254
[13-Mar-2019 13:50:54 UTC] PHP Warning:  Cannot modify header information - headers already sent by (output started at /var/www/html/LMSD2-NG/content/plugins/lmsdd-settings/inc/connect.php:27) in /var/www/html/LMSD2-NG/wp/wp-admin/includes/misc.php on line 1198
[13-Mar-2019 13:51:56 UTC] PHP Warning:  Cannot modify header information - headers already sent by (output started at /var/www/html/LMSD2-NG/content/plugins/lmsdd-settings/inc/connect.php:27) in /var/www/html/LMSD2-NG/wp/wp-admin/includes/misc.php on line 1198
[13-Mar-2019 13:53:57 UTC] PHP Warning:  Cannot modify header information - headers already sent by (output started at /var/www/html/LMSD2-NG/content/plugins/lmsdd-settings/inc/connect.php:27) in /var/www/html/LMSD2-NG/wp/wp-admin/includes/misc.php on line 1198
[13-Mar-2019 13:55:57 UTC] PHP Warning:  Cannot modify header information - headers already sent by (output started at /var/www/html/LMSD2-NG/content/plugins/lmsdd-settings/inc/connect.php:27) in /var/www/html/LMSD2-NG/wp/wp-admin/includes/misc.php on line 1198
[13-Mar-2019 13:57:34 UTC] PHP Warning:  Cannot modify header information - headers already sent by (output started at /var/www/html/LMSD2-NG/content/plugins/lmsdd-settings/inc/connect.php:28) in /var/www/html/LMSD2-NG/wp/wp-includes/pluggable.php on line 1251
[13-Mar-2019 13:57:34 UTC] PHP Warning:  Cannot modify header information - headers already sent by (output started at /var/www/html/LMSD2-NG/content/plugins/lmsdd-settings/inc/connect.php:28) in /var/www/html/LMSD2-NG/wp/wp-includes/pluggable.php on line 1254
[13-Mar-2019 13:57:58 UTC] PHP Warning:  Cannot modify header information - headers already sent by (output started at /var/www/html/LMSD2-NG/content/plugins/lmsdd-settings/inc/connect.php:28) in /var/www/html/LMSD2-NG/wp/wp-admin/includes/misc.php on line 1198
[13-Mar-2019 13:58:29 UTC] PHP Warning:  Cannot modify header information - headers already sent by (output started at /var/www/html/LMSD2-NG/content/plugins/lmsdd-settings/inc/connect.php:30) in /var/www/html/LMSD2-NG/wp/wp-includes/pluggable.php on line 1251
[13-Mar-2019 13:58:29 UTC] PHP Warning:  Cannot modify header information - headers already sent by (output started at /var/www/html/LMSD2-NG/content/plugins/lmsdd-settings/inc/connect.php:30) in /var/www/html/LMSD2-NG/wp/wp-includes/pluggable.php on line 1254
[13-Mar-2019 13:59:07 UTC] PHP Warning:  Cannot modify header information - headers already sent by (output started at /var/www/html/LMSD2-NG/content/plugins/lmsdd-settings/inc/connect.php:26) in /var/www/html/LMSD2-NG/wp/wp-includes/pluggable.php on line 1251
[13-Mar-2019 13:59:07 UTC] PHP Warning:  Cannot modify header information - headers already sent by (output started at /var/www/html/LMSD2-NG/content/plugins/lmsdd-settings/inc/connect.php:26) in /var/www/html/LMSD2-NG/wp/wp-includes/pluggable.php on line 1254
[13-Mar-2019 13:59:14 UTC] PHP Warning:  Cannot modify header information - headers already sent by (output started at /var/www/html/LMSD2-NG/content/plugins/lmsdd-settings/inc/connect.php:26) in /var/www/html/LMSD2-NG/wp/wp-includes/pluggable.php on line 1251
[13-Mar-2019 13:59:14 UTC] PHP Warning:  Cannot modify header information - headers already sent by (output started at /var/www/html/LMSD2-NG/content/plugins/lmsdd-settings/inc/connect.php:26) in /var/www/html/LMSD2-NG/wp/wp-includes/pluggable.php on line 1254
[13-Mar-2019 13:59:37 UTC] PHP Warning:  Cannot modify header information - headers already sent by (output started at /var/www/html/LMSD2-NG/content/plugins/lmsdd-settings/inc/connect.php:26) in /var/www/html/LMSD2-NG/wp/wp-includes/pluggable.php on line 1251
[13-Mar-2019 13:59:37 UTC] PHP Warning:  Cannot modify header information - headers already sent by (output started at /var/www/html/LMSD2-NG/content/plugins/lmsdd-settings/inc/connect.php:26) in /var/www/html/LMSD2-NG/wp/wp-includes/pluggable.php on line 1254
[13-Mar-2019 14:00:00 UTC] PHP Warning:  Cannot modify header information - headers already sent by (output started at /var/www/html/LMSD2-NG/content/plugins/lmsdd-settings/inc/connect.php:26) in /var/www/html/LMSD2-NG/wp/wp-admin/includes/misc.php on line 1198
[13-Mar-2019 14:00:59 UTC] PHP Warning:  Cannot modify header information - headers already sent by (output started at /var/www/html/LMSD2-NG/content/plugins/lmsdd-settings/inc/connect.php:26) in /var/www/html/LMSD2-NG/wp/wp-admin/includes/misc.php on line 1198
[13-Mar-2019 14:01:59 UTC] PHP Warning:  Cannot modify header information - headers already sent by (output started at /var/www/html/LMSD2-NG/content/plugins/lmsdd-settings/inc/connect.php:26) in /var/www/html/LMSD2-NG/wp/wp-includes/pluggable.php on line 1251
[13-Mar-2019 14:01:59 UTC] PHP Warning:  Cannot modify header information - headers already sent by (output started at /var/www/html/LMSD2-NG/content/plugins/lmsdd-settings/inc/connect.php:26) in /var/www/html/LMSD2-NG/wp/wp-includes/pluggable.php on line 1254
[13-Mar-2019 14:02:00 UTC] PHP Warning:  Cannot modify header information - headers already sent by (output started at /var/www/html/LMSD2-NG/content/plugins/lmsdd-settings/inc/connect.php:26) in /var/www/html/LMSD2-NG/wp/wp-admin/includes/misc.php on line 1198
[13-Mar-2019 14:02:31 UTC] PHP Warning:  Cannot modify header information - headers already sent by (output started at /var/www/html/LMSD2-NG/content/plugins/lmsdd-settings/inc/connect.php:26) in /var/www/html/LMSD2-NG/wp/wp-includes/pluggable.php on line 1251
[13-Mar-2019 14:02:31 UTC] PHP Warning:  Cannot modify header information - headers already sent by (output started at /var/www/html/LMSD2-NG/content/plugins/lmsdd-settings/inc/connect.php:26) in /var/www/html/LMSD2-NG/wp/wp-includes/pluggable.php on line 1254
[13-Mar-2019 14:13:58 UTC] PHP Warning:  Cannot modify header information - headers already sent by (output started at /var/www/html/LMSD2-NG/content/plugins/lmsdd-settings/inc/connect.php:36) in /var/www/html/LMSD2-NG/wp/wp-includes/pluggable.php on line 1251
[13-Mar-2019 14:13:58 UTC] PHP Warning:  Cannot modify header information - headers already sent by (output started at /var/www/html/LMSD2-NG/content/plugins/lmsdd-settings/inc/connect.php:36) in /var/www/html/LMSD2-NG/wp/wp-includes/pluggable.php on line 1254
[13-Mar-2019 14:23:31 UTC] PHP Parse error:  syntax error, unexpected 'init' (T_STRING) in /var/www/html/LMSD2-NG/content/plugins/lmsdd-settings/inc/connect.php on line 32
[13-Mar-2019 14:26:19 UTC] PHP Parse error:  syntax error, unexpected end of file in /var/www/html/LMSD2-NG/content/plugins/lmsdd-settings/inc/connect.php on line 31
[13-Mar-2019 14:46:45 UTC] PHP Notice:  Undefined property: WP_Error::$user_email in /var/www/html/LMSD2-NG/content/plugins/lmsdd-settings/inc/connect.php on line 21
[13-Mar-2019 15:24:46 UTC] PHP Warning:  Cannot modify header information - headers already sent by (output started at /var/www/html/LMSD2-NG/content/plugins/lmsdd-settings/inc/connect.php:13) in /var/www/html/LMSD2-NG/wp/wp-includes/pluggable.php on line 928
[13-Mar-2019 15:24:46 UTC] PHP Warning:  Cannot modify header information - headers already sent by (output started at /var/www/html/LMSD2-NG/content/plugins/lmsdd-settings/inc/connect.php:13) in /var/www/html/LMSD2-NG/wp/wp-includes/pluggable.php on line 929
[13-Mar-2019 15:24:46 UTC] PHP Warning:  Cannot modify header information - headers already sent by (output started at /var/www/html/LMSD2-NG/content/plugins/lmsdd-settings/inc/connect.php:13) in /var/www/html/LMSD2-NG/wp/wp-includes/pluggable.php on line 930
[13-Mar-2019 15:24:46 UTC] PHP Warning:  Cannot modify header information - headers already sent by (output started at /var/www/html/LMSD2-NG/content/plugins/lmsdd-settings/inc/connect.php:13) in /var/www/html/LMSD2-NG/wp/wp-includes/pluggable.php on line 932
[13-Mar-2019 15:25:49 UTC] PHP Warning:  Cannot modify header information - headers already sent by (output started at /var/www/html/LMSD2-NG/content/plugins/lmsdd-settings/inc/connect.php:13) in /var/www/html/LMSD2-NG/wp/wp-includes/pluggable.php on line 928
[13-Mar-2019 15:25:49 UTC] PHP Warning:  Cannot modify header information - headers already sent by (output started at /var/www/html/LMSD2-NG/content/plugins/lmsdd-settings/inc/connect.php:13) in /var/www/html/LMSD2-NG/wp/wp-includes/pluggable.php on line 929
[13-Mar-2019 15:25:49 UTC] PHP Warning:  Cannot modify header information - headers already sent by (output started at /var/www/html/LMSD2-NG/content/plugins/lmsdd-settings/inc/connect.php:13) in /var/www/html/LMSD2-NG/wp/wp-includes/pluggable.php on line 930
[13-Mar-2019 15:25:49 UTC] PHP Warning:  Cannot modify header information - headers already sent by (output started at /var/www/html/LMSD2-NG/content/plugins/lmsdd-settings/inc/connect.php:13) in /var/www/html/LMSD2-NG/wp/wp-includes/pluggable.php on line 932
[13-Mar-2019 15:33:11 UTC] PHP Notice:  Object of class WP_User could not be converted to int in /var/www/html/LMSD2-NG/wp/wp-includes/pluggable.php on line 32
[13-Mar-2019 15:39:20 UTC] PHP Notice:  Object of class WP_User could not be converted to int in /var/www/html/LMSD2-NG/wp/wp-includes/pluggable.php on line 32
[13-Mar-2019 15:39:20 UTC] PHP Warning:  Use of undefined constant get_home_url - assumed 'get_home_url' (this will throw an Error in a future version of PHP) in /var/www/html/LMSD2-NG/content/plugins/lmsdd-settings/inc/connect.php on line 22
[13-Mar-2019 15:39:20 UTC] PHP Warning:  Cannot modify header information - headers already sent by (output started at /var/www/html/LMSD2-NG/wp/wp-includes/pluggable.php:32) in /var/www/html/LMSD2-NG/wp/wp-includes/pluggable.php on line 1251
[13-Mar-2019 15:39:20 UTC] PHP Warning:  Cannot modify header information - headers already sent by (output started at /var/www/html/LMSD2-NG/wp/wp-includes/pluggable.php:32) in /var/www/html/LMSD2-NG/wp/wp-includes/pluggable.php on line 1254
[13-Mar-2019 15:40:07 UTC] PHP Notice:  Object of class WP_User could not be converted to int in /var/www/html/LMSD2-NG/wp/wp-includes/pluggable.php on line 32
[13-Mar-2019 15:40:07 UTC] PHP Warning:  Cannot modify header information - headers already sent by (output started at /var/www/html/LMSD2-NG/wp/wp-includes/pluggable.php:32) in /var/www/html/LMSD2-NG/wp/wp-includes/pluggable.php on line 1251
[13-Mar-2019 15:40:07 UTC] PHP Warning:  Cannot modify header information - headers already sent by (output started at /var/www/html/LMSD2-NG/wp/wp-includes/pluggable.php:32) in /var/www/html/LMSD2-NG/wp/wp-includes/pluggable.php on line 1254
[13-Mar-2019 15:40:55 UTC] PHP Notice:  Object of class WP_User could not be converted to int in /var/www/html/LMSD2-NG/wp/wp-includes/pluggable.php on line 32
[13-Mar-2019 15:43:07 UTC] PHP Notice:  Object of class WP_User could not be converted to int in /var/www/html/LMSD2-NG/wp/wp-includes/pluggable.php on line 32
[13-Mar-2019 15:44:40 UTC] PHP Warning:  Cannot modify header information - headers already sent by (output started at /var/www/html/LMSD2-NG/content/plugins/lmsdd-settings/inc/connect.php:13) in /var/www/html/LMSD2-NG/wp/wp-includes/pluggable.php on line 928
[13-Mar-2019 15:44:40 UTC] PHP Warning:  Cannot modify header information - headers already sent by (output started at /var/www/html/LMSD2-NG/content/plugins/lmsdd-settings/inc/connect.php:13) in /var/www/html/LMSD2-NG/wp/wp-includes/pluggable.php on line 929
[13-Mar-2019 15:44:40 UTC] PHP Warning:  Cannot modify header information - headers already sent by (output started at /var/www/html/LMSD2-NG/content/plugins/lmsdd-settings/inc/connect.php:13) in /var/www/html/LMSD2-NG/wp/wp-includes/pluggable.php on line 930
[13-Mar-2019 15:44:40 UTC] PHP Warning:  Cannot modify header information - headers already sent by (output started at /var/www/html/LMSD2-NG/content/plugins/lmsdd-settings/inc/connect.php:13) in /var/www/html/LMSD2-NG/wp/wp-includes/pluggable.php on line 932
[13-Mar-2019 15:46:32 UTC] PHP Warning:  Cannot modify header information - headers already sent by (output started at /var/www/html/LMSD2-NG/content/plugins/lmsdd-settings/inc/connect.php:13) in /var/www/html/LMSD2-NG/wp/wp-includes/pluggable.php on line 928
[13-Mar-2019 15:46:32 UTC] PHP Warning:  Cannot modify header information - headers already sent by (output started at /var/www/html/LMSD2-NG/content/plugins/lmsdd-settings/inc/connect.php:13) in /var/www/html/LMSD2-NG/wp/wp-includes/pluggable.php on line 929
[13-Mar-2019 15:46:32 UTC] PHP Warning:  Cannot modify header information - headers already sent by (output started at /var/www/html/LMSD2-NG/content/plugins/lmsdd-settings/inc/connect.php:13) in /var/www/html/LMSD2-NG/wp/wp-includes/pluggable.php on line 930
[13-Mar-2019 15:46:32 UTC] PHP Warning:  Cannot modify header information - headers already sent by (output started at /var/www/html/LMSD2-NG/content/plugins/lmsdd-settings/inc/connect.php:13) in /var/www/html/LMSD2-NG/wp/wp-includes/pluggable.php on line 932
[14-Mar-2019 13:44:00 UTC] PHP Parse error:  syntax error, unexpected end of file in /var/www/html/LMSD2-NG/content/themes/lmsdd/header.php on line 55
[14-Mar-2019 13:44:02 UTC] PHP Parse error:  syntax error, unexpected end of file in /var/www/html/LMSD2-NG/content/themes/lmsdd/header.php on line 55
[14-Mar-2019 13:51:54 UTC] PHP Warning:  Une erreur imprévue est survenue. Il pourrait y avoir un problème avec WordPress.org ou la configuration de ce serveur. Si vous continuez à rencontrer ce problème, veuillez vous rendre sur les <a href="https://wpfr.net/support/">forums de support</a>. (WordPress n’a pas pu établir de connexion sécurisée vers WordPress.org. Veuillez contacter l’administrateur de votre serveur.) in /var/www/html/LMSD2-NG/wp/wp-includes/update.php on line 160
[14-Mar-2019 13:52:01 UTC] PHP Fatal error:  Uncaught Error: Call to undefined function wp_get_curent_user() in /var/www/html/LMSD2-NG/content/themes/lmsdd/header.php:46
Stack trace:
#0 /var/www/html/LMSD2-NG/wp/wp-includes/template.php(704): require_once()
#1 /var/www/html/LMSD2-NG/wp/wp-includes/template.php(653): load_template('/var/www/html/L...', true)
#2 /var/www/html/LMSD2-NG/wp/wp-includes/general-template.php(41): locate_template(Array, true)
#3 /var/www/html/LMSD2-NG/content/themes/lmsdd/front-page.php(1): get_header()
#4 /var/www/html/LMSD2-NG/wp/wp-includes/template-loader.php(77): include('/var/www/html/L...')
#5 /var/www/html/LMSD2-NG/wp/wp-blog-header.php(19): require_once('/var/www/html/L...')
#6 /var/www/html/LMSD2-NG/index.php(17): require('/var/www/html/L...')
#7 {main}
  thrown in /var/www/html/LMSD2-NG/content/themes/lmsdd/header.php on line 46
